The system is: Windows - 10.0.18362 - AMD64
Compiling the C compiler identification source file "CMakeCCompilerId.c" succeeded.
Compiler: C:/Program Files (x86)/Microsoft Visual Studio/2019/Community/VC/Tools/MSVC/14.23.28105/bin/HostX64/x64/cl.exe 
Build flags: 
Id flags:  

The output was:
0
Microsoft (R) C/C++ Optimizing Compiler Version 19.23.28106.4 for x64
Copyright (C) Microsoft Corporation.  All rights reserved.

CMakeCCompilerId.c
Microsoft (R) Incremental Linker Version 14.23.28106.4
Copyright (C) Microsoft Corporation.  All rights reserved.

/out:CMakeCCompilerId.exe 
CMakeCCompilerId.obj 


Compilation of the C compiler identification source "CMakeCCompilerId.c" produced "CMakeCCompilerId.exe"

Compilation of the C compiler identification source "CMakeCCompilerId.c" produced "CMakeCCompilerId.obj"

The C compiler identification is MSVC, found in "D:/Downloads/cubemodartifactonlysource/cubemod/out/build/x64-Debug/CMakeFiles/3.15.19080502-MSVC_2/CompilerIdC/CMakeCCompilerId.exe"

Compiling the CXX compiler identification source file "CMakeCXXCompilerId.cpp" succeeded.
Compiler: C:/Program Files (x86)/Microsoft Visual Studio/2019/Community/VC/Tools/MSVC/14.23.28105/bin/HostX64/x64/cl.exe 
Build flags: 
Id flags:  

The output was:
0
Microsoft (R) C/C++ Optimizing Compiler Version 19.23.28106.4 for x64
Copyright (C) Microsoft Corporation.  All rights reserved.

CMakeCXXCompilerId.cpp
Microsoft (R) Incremental Linker Version 14.23.28106.4
Copyright (C) Microsoft Corporation.  All rights reserved.

/out:CMakeCXXCompilerId.exe 
CMakeCXXCompilerId.obj 


Compilation of the CXX compiler identification source "CMakeCXXCompilerId.cpp" produced "CMakeCXXCompilerId.exe"

Compilation of the CXX compiler identification source "CMakeCXXCompilerId.cpp" produced "CMakeCXXCompilerId.obj"

The CXX compiler identification is MSVC, found in "D:/Downloads/cubemodartifactonlysource/cubemod/out/build/x64-Debug/CMakeFiles/3.15.19080502-MSVC_2/CompilerIdCXX/CMakeCXXCompilerId.exe"

Determining if the C compiler works passed with the following output:
Change Dir: D:/Downloads/cubemodartifactonlysource/cubemod/out/build/x64-Debug/CMakeFiles/CMakeTmp

Run Build Command(s):C:/Program Files (x86)/Microsoft Visual Studio/2019/Community/Common7/IDE/CommonExtensions/Microsoft/CMake/Ninja/ninja.exe cmTC_6d88a && [1/2] Building C object CMakeFiles\cmTC_6d88a.dir\testCCompiler.c.obj
[2/2] Linking C executable cmTC_6d88a.exe



Detecting C compiler ABI info compiled with the following output:
Change Dir: D:/Downloads/cubemodartifactonlysource/cubemod/out/build/x64-Debug/CMakeFiles/CMakeTmp

Run Build Command(s):C:/Program Files (x86)/Microsoft Visual Studio/2019/Community/Common7/IDE/CommonExtensions/Microsoft/CMake/Ninja/ninja.exe cmTC_c032f && [1/2] Building C object CMakeFiles\cmTC_c032f.dir\CMakeCCompilerABI.c.obj
[2/2] Linking C executable cmTC_c032f.exe



Determining if the CXX compiler works passed with the following output:
Change Dir: D:/Downloads/cubemodartifactonlysource/cubemod/out/build/x64-Debug/CMakeFiles/CMakeTmp

Run Build Command(s):C:/Program Files (x86)/Microsoft Visual Studio/2019/Community/Common7/IDE/CommonExtensions/Microsoft/CMake/Ninja/ninja.exe cmTC_fd4f6 && [1/2] Building CXX object CMakeFiles\cmTC_fd4f6.dir\testCXXCompiler.cxx.obj
[2/2] Linking CXX executable cmTC_fd4f6.exe



Detecting CXX compiler ABI info compiled with the following output:
Change Dir: D:/Downloads/cubemodartifactonlysource/cubemod/out/build/x64-Debug/CMakeFiles/CMakeTmp

Run Build Command(s):C:/Program Files (x86)/Microsoft Visual Studio/2019/Community/Common7/IDE/CommonExtensions/Microsoft/CMake/Ninja/ninja.exe cmTC_bcf63 && [1/2] Building CXX object CMakeFiles\cmTC_bcf63.dir\CMakeCXXCompilerABI.cpp.obj
[2/2] Linking CXX executable cmTC_bcf63.exe



